<?xml version="1.0" encoding="UTF-8"?>
<!-- Generated by org.testng.reporters.JUnitReportReporter -->
<testsuite hostname="LAPTOP-GVEDGFBQ" failures="0" tests="1" name="User_Test.Test_Cases" time="7.752" errors="0" timestamp="2024-04-15T16:47:37 IST" skipped="0">
  <testcase classname="User_Test.Test_Cases" name="TC_014" time="7.752"/>
</testsuite> <!-- User_Test.Test_Cases -->
