<?xml version="1.0" encoding="UTF-8"?>
<!-- Generated by org.testng.reporters.JUnitReportReporter -->
<testsuite hostname="LAPTOP-GVEDGFBQ" failures="0" tests="1" name="User_Test.Test_Cases" time="6.713" errors="0" timestamp="2024-04-16T12:19:13 IST" skipped="0">
  <testcase classname="User_Test.Test_Cases" name="TC_017" time="6.713"/>
</testsuite> <!-- User_Test.Test_Cases -->
